<?xml version="1.0" encoding="UTF-8"?>
<!-- Generated by org.testng.reporters.JUnitReportReporter -->
<testsuite hostname="Z422" failures="0" tests="1" name="com.rhinestone.testcase.TC004_LFvalidnametest" time="0.732" errors="0" timestamp="2023-05-03T15:28:31 IST" skipped="0">
  <testcase classname="com.rhinestone.testcase.TC004_LFvalidnametest" name="loginWithValidUserName" time="0.732"/>
  <system-out/>
</testsuite> <!-- com.rhinestone.testcase.TC004_LFvalidnametest -->
