<?xml version="1.0" encoding="UTF-8"?>
<!-- Generated by org.testng.reporters.JUnitReportReporter -->
<testsuite hostname="Z422" failures="0" tests="1" name="com.rhinestone.testcase.TC009_ACcontinebttntest" time="1.702" errors="0" timestamp="2023-05-03T15:28:32 IST" skipped="0">
  <testcase classname="com.rhinestone.testcase.TC009_ACcontinebttntest" name="shoppingCartPage" time="1.702"/>
  <system-out/>
</testsuite> <!-- com.rhinestone.testcase.TC009_ACcontinebttntest -->
