<?xml version="1.0" encoding="UTF-8"?>
<!-- Generated by org.testng.reporters.JUnitReportReporter -->
<testsuite hostname="Z422" failures="0" tests="12" name="com.rhinestone.zdatadriven.TC001_LFDDtest" time="404.725" errors="0" timestamp="2023-05-03T10:32:58 IST" skipped="0">
  <testcase classname="com.rhinestone.zdatadriven.TC001_LFDDtest" name="loginFuctionDataDriven" time="15.959"/>
  <system-out/>
  <testcase classname="com.rhinestone.zdatadriven.TC001_LFDDtest" name="loginFuctionDataDriven" time="14.482"/>
  <system-out/>
  <testcase classname="com.rhinestone.zdatadriven.TC001_LFDDtest" name="loginFuctionDataDriven" time="15.959"/>
  <system-out/>
  <testcase classname="com.rhinestone.zdatadriven.TC001_LFDDtest" name="loginFuctionDataDriven" time="26.397"/>
  <system-out/>
  <testcase classname="com.rhinestone.zdatadriven.TC001_LFDDtest" name="loginFuctionDataDriven" time="28.077"/>
  <system-out/>
  <testcase classname="com.rhinestone.zdatadriven.TC001_LFDDtest" name="loginFuctionDataDriven" time="71.273"/>
  <system-out/>
  <testcase classname="com.rhinestone.zdatadriven.TC001_LFDDtest" name="loginFuctionDataDriven" time="24.115"/>
  <system-out/>
  <testcase classname="com.rhinestone.zdatadriven.TC001_LFDDtest" name="loginFuctionDataDriven" time="71.874"/>
  <system-out/>
  <testcase classname="com.rhinestone.zdatadriven.TC001_LFDDtest" name="loginFuctionDataDriven" time="96.867"/>
  <system-out/>
  <testcase classname="com.rhinestone.zdatadriven.TC001_LFDDtest" name="loginFuctionDataDriven" time="12.000"/>
  <system-out/>
  <testcase classname="com.rhinestone.zdatadriven.TC001_LFDDtest" name="loginFuctionDataDriven" time="19.339"/>
  <system-out/>
  <testcase classname="com.rhinestone.zdatadriven.TC001_LFDDtest" name="loginFuctionDataDriven" time="8.383"/>
  <system-out/>
</testsuite> <!-- com.rhinestone.zdatadriven.TC001_LFDDtest -->
